生成启动时间为 2018/10/8 17:17:03。
     1>项目“F:\源码\gtest_test\googlemock\gmock_main.vcxproj”在节点 4 上(Build 个目标)。
     1>CustomBuild:
         Building Custom Rule F:/源码/googletest-master/googlemock/CMakeLists.txt
         CMake does not need to re-run because F:/婧愮爜/gtest_test/googlemock/CMakeFiles/generate.stamp is up-to-date.
       ClCompile:
         C:\Program Files (x86)\Microsoft Visual Studio 14.0\VC\bin\CL.exe /c /I"F:\源码\googletest-master\googlemock\include" /I"F:\源码\googletest-master\googlemock" /I"F:\源码\googletest-master\googletest\include" /I"F:\源码\googletest-master\googletest" /Zi /nologo /W4 /WX /Od /Ob0 /Oy- /D WIN32 /D _WINDOWS /D _UNICODE /D UNICODE /D _WIN32 /D STRICT /D WIN32_LEAN_AND_MEAN /D GTEST_HAS_PTHREAD=0 /D _HAS_EXCEPTIONS=1 /D GTEST_CREATE_SHARED_LIBRARY=1 /D "CMAKE_INTDIR=\"Debug\"" /D gmock_main_EXPORTS /D _WINDLL /D _UNICODE /D UNICODE /Gm- /EHsc /RTC1 /MDd /GS /fp:precise /Zc:wchar_t /Zc:forScope /Zc:inline /GR /Fo"gmock_main.dir\Debug\\" /Fd"gmock_main.dir\Debug\vc140.pdb" /Gd /TP /wd4251 /wd4275 /wd4702 /analyze- /errorReport:prompt  -J "F:\源码\googletest-master\googletest\src\gtest-all.cc" "F:\源码\googletest-master\googlemock\src\gmock-all.cc" "F:\源码\googletest-master\googlemock\src\gmock_main.cc"
         gtest-all.cc
         gmock-all.cc
         gmock_main.cc
         Generating Code...
       Link:
         C:\Program Files (x86)\Microsoft Visual Studio 14.0\VC\bin\link.exe /ERRORREPORT:PROMPT /OUT:"F:\源码\gtest_test\googlemock\Debug\gmock_maind.dll" /INCREMENTAL /NOLOGO kernel32.lib user32.lib gdi32.lib winspool.lib shell32.lib ole32.lib oleaut32.lib uuid.lib comdlg32.lib advapi32.lib /MANIFEST /MANIFESTUAC:"level='asInvoker' uiAccess='false'" /manifest:embed /Debug /PDB:"F:/源码/gtest_test/googlemock/Debug/gmock_maind.pdb" /SUBSYSTEM:CONSOLE /TLBID:1 /DYNAMICBASE /NXCOMPAT /IMPLIB:"F:/源码/gtest_test/googlemock/Debug/gmock_maind.lib" /MACHINE:X86 /SAFESEH  /machine:X86 /DLL "gmock_main.dir\Debug\gtest-all.obj"
         "gmock_main.dir\Debug\gmock-all.obj"
         gmock_main.dir\Debug\gmock_main.obj
            Creating library F:/源码/gtest_test/googlemock/Debug/gmock_maind.lib and object F:/源码/gtest_test/googlemock/Debug/gmock_maind.exp
         gmock_main.vcxproj -> F:\源码\gtest_test\googlemock\Debug\gmock_maind.dll
     1>已完成生成项目“F:\源码\gtest_test\googlemock\gmock_main.vcxproj”(Build 个目标)的操作。

已成功生成。

已用时间 00:00:11.50
